<?xml version="1.0" encoding="UTF-8"?>
<!-- Generated by org.testng.reporters.JUnitReportReporter -->
<testsuite skipped="0" hostname="ZIL304" name="CodingAssignment.TeamRCBAssignment.Test1" tests="11" failures="0" timestamp="2022-10-02T22:03:36 IST" time="0.021" errors="0">
  <testcase name="test1" time="0.001" classname="CodingAssignment.TeamRCBAssignment.Test1"/>
  <system-out/>
  <testcase name="test1" time="0.001" classname="CodingAssignment.TeamRCBAssignment.Test1"/>
  <system-out/>
  <testcase name="test1" time="0.001" classname="CodingAssignment.TeamRCBAssignment.Test1"/>
  <system-out/>
  <testcase name="test1" time="0.001" classname="CodingAssignment.TeamRCBAssignment.Test1"/>
  <system-out/>
  <testcase name="test1" time="0.001" classname="CodingAssignment.TeamRCBAssignment.Test1"/>
  <system-out/>
  <testcase name="test1" time="0.006" classname="CodingAssignment.TeamRCBAssignment.Test1"/>
  <system-out/>
  <testcase name="test1" time="0.004" classname="CodingAssignment.TeamRCBAssignment.Test1"/>
  <system-out/>
  <testcase name="test1" time="0.000" classname="CodingAssignment.TeamRCBAssignment.Test1"/>
  <system-out/>
  <testcase name="test1" time="0.004" classname="CodingAssignment.TeamRCBAssignment.Test1"/>
  <system-out/>
  <testcase name="test1" time="0.001" classname="CodingAssignment.TeamRCBAssignment.Test1"/>
  <system-out/>
  <testcase name="test1" time="0.001" classname="CodingAssignment.TeamRCBAssignment.Test1"/>
  <system-out/>
</testsuite> <!-- CodingAssignment.TeamRCBAssignment.Test1 -->
