<?xml version="1.0" encoding="UTF-8"?>
<!-- Generated by org.testng.reporters.JUnitReportReporter -->
<testsuite skipped="0" hostname="ZIL304" name="CodingAssignment.TeamRCBAssignment.Test2" tests="11" failures="0" timestamp="2022-10-02T22:02:42 IST" time="0.010" errors="0">
  <testcase name="test2" time="0.002" classname="CodingAssignment.TeamRCBAssignment.Test2"/>
  <system-out/>
  <testcase name="test2" time="0.001" classname="CodingAssignment.TeamRCBAssignment.Test2"/>
  <system-out/>
  <testcase name="test2" time="0.000" classname="CodingAssignment.TeamRCBAssignment.Test2"/>
  <system-out/>
  <testcase name="test2" time="0.001" classname="CodingAssignment.TeamRCBAssignment.Test2"/>
  <system-out/>
  <testcase name="test2" time="0.001" classname="CodingAssignment.TeamRCBAssignment.Test2"/>
  <system-out/>
  <testcase name="test2" time="0.001" classname="CodingAssignment.TeamRCBAssignment.Test2"/>
  <system-out/>
  <testcase name="test2" time="0.001" classname="CodingAssignment.TeamRCBAssignment.Test2"/>
  <system-out/>
  <testcase name="test2" time="0.000" classname="CodingAssignment.TeamRCBAssignment.Test2"/>
  <system-out/>
  <testcase name="test2" time="0.001" classname="CodingAssignment.TeamRCBAssignment.Test2"/>
  <system-out/>
  <testcase name="test2" time="0.001" classname="CodingAssignment.TeamRCBAssignment.Test2"/>
  <system-out/>
  <testcase name="test2" time="0.001" classname="CodingAssignment.TeamRCBAssignment.Test2"/>
  <system-out/>
</testsuite> <!-- CodingAssignment.TeamRCBAssignment.Test2 -->
